#
# There is insufficient memory for the Java Runtime Environment to continue.
# Native memory allocation (malloc) failed to allocate 278624 bytes for Chunk::new
# Possible reasons:
#   The system is out of physical RAM or swap space
#   The process is running with CompressedOops enabled, and the Java Heap may be blocking the growth of the native heap
# Possible solutions:
#   Reduce memory load on the system
#   Increase physical memory or swap space
#   Check if swap backing store is full
#   Decrease Java heap size (-Xmx/-Xms)
#   Decrease number of Java threads
#   Decrease Java thread stack sizes (-Xss)
#   Set larger code cache with -XX:ReservedCodeCacheSize=
#   JVM is running with Unscaled Compressed Oops mode in which the Java heap is
#     placed in the first 4GB address space. The Java Heap base address is the
#     maximum limit for the native heap growth. Please use -XX:HeapBaseMinAddress
#     to set the Java Heap base and to place the Java Heap above 4GB virtual address.
# This output file may be truncated or incomplete.
#
#  Out of Memory Error (arena.cpp:189), pid=15012, tid=1912
#
# JRE version: Java(TM) SE Runtime Environment (17.0.9+11) (build 17.0.9+11-LTS-201)
# Java VM: Java HotSpot(TM) 64-Bit Server VM (17.0.9+11-LTS-201, mixed mode, sharing, tiered, compressed oops, compressed class ptrs, g1 gc, windows-amd64)
# No core dump will be written. Minidumps are not enabled by default on client versions of Windows
#

---------------  S U M M A R Y ------------

Command Line: -Dmaven.multiModuleProjectDirectory=D:\南工院课程\web应用系统开发-许\ShopOnline -Djansi.passthrough=true -Dmaven.home=D:\apache-maven-3.9.5 -Dclassworlds.conf=D:\apache-maven-3.9.5\bin\m2.conf -Dmaven.ext.class.path=D:\Program Files\JetBrains\IntelliJ IDEA 2023.1\plugins\maven\lib\maven-event-listener.jar -javaagent:D:\Program Files\JetBrains\IntelliJ IDEA 2023.1\lib\idea_rt.jar=57209:D:\Program Files\JetBrains\IntelliJ IDEA 2023.1\bin -Dfile.encoding=UTF-8 org.codehaus.classworlds.Launcher -Didea.version=2023.1 -s D:\apache-maven-3.9.5\conf\settings.xml -Dmaven.repo.local=D:\apache-maven-repository clean

Host: AMD Ryzen 5 2500U with Radeon Vega Mobile Gfx  , 8 cores, 6G,  Windows 10 , 64 bit Build 19041 (10.0.19041.3570)
Time: Mon Nov  6 20:00:45 2023  Windows 10 , 64 bit Build 19041 (10.0.19041.3570) elapsed time: 1.426100 seconds (0d 0h 0m 1s)

---------------  T H R E A D  ---------------

Current thread (0x0000023daf6b75e0):  JavaThread "C2 CompilerThread0" daemon [_thread_in_native, id=1912, stack(0x000000b10fd00000,0x000000b10fe00000)]


Current CompileTask:
C2:   1426 1052   !   4       sun.nio.cs.StreamDecoder::read (196 bytes)

Stack: [0x000000b10fd00000,0x000000b10fe00000]
Native frames: (J=compiled Java code, j=interpreted, Vv=VM code, C=native code)
V  [jvm.dll+0x678a4a]
V  [jvm.dll+0x7d9cfd]
V  [jvm.dll+0x7db60e]
V  [jvm.dll+0x7dbc73]
V  [jvm.dll+0x245e1f]
V  [jvm.dll+0xaaafb]
V  [jvm.dll+0xab09c]
V  [jvm.dll+0x36237e]
V  [jvm.dll+0x32ca01]
V  [jvm.dll+0x32be9a]
V  [jvm.dll+0x21812f]
V  [jvm.dll+0x217561]
V  [jvm.dll+0x1a3bc0]
V  [jvm.dll+0x2272de]
V  [jvm.dll+0x22548b]
V  [jvm.dll+0x78f58c]
V  [jvm.dll+0x78998a]
V  [jvm.dll+0x677875]
C  [ucrtbase.dll+0x21bb2]
C  [KERNEL32.DLL+0x17344]
C  [ntdll.dll+0x526b1]


---------------  P R O C E S S  ---------------

Threads class SMR info:
_java_thread_list=0x0000023df5585a10, length=15, elements={
0x0000023d91ef37e0, 0x0000023daf694550, 0x0000023daf6953d0, 0x0000023daf6af860,
0x0000023daf6b3150, 0x0000023daf6b3a20, 0x0000023daf6b4a90, 0x0000023daf6b75e0,
0x0000023daf6bbc40, 0x0000023daf6c84e0, 0x0000023daf67f440, 0x0000023daf92abc0,
0x0000023daf92b0a0, 0x0000023df51d8670, 0x0000023df55f5800
}

Java Threads: ( => current thread )
  0x0000023d91ef37e0 JavaThread "main" [_thread_blocked, id=8212, stack(0x000000b10f000000,0x000000b10f100000)]
  0x0000023daf694550 JavaThread "Reference Handler" daemon [_thread_blocked, id=16516, stack(0x000000b10f700000,0x000000b10f800000)]
  0x0000023daf6953d0 JavaThread "Finalizer" daemon [_thread_blocked, id=9168, stack(0x000000b10f800000,0x000000b10f900000)]
  0x0000023daf6af860 JavaThread "Signal Dispatcher" daemon [_thread_blocked, id=4168, stack(0x000000b10f900000,0x000000b10fa00000)]
  0x0000023daf6b3150 JavaThread "Attach Listener" daemon [_thread_blocked, id=11696, stack(0x000000b10fa00000,0x000000b10fb00000)]
  0x0000023daf6b3a20 JavaThread "Service Thread" daemon [_thread_blocked, id=13248, stack(0x000000b10fb00000,0x000000b10fc00000)]
  0x0000023daf6b4a90 JavaThread "Monitor Deflation Thread" daemon [_thread_blocked, id=15192, stack(0x000000b10fc00000,0x000000b10fd00000)]
=>0x0000023daf6b75e0 JavaThread "C2 CompilerThread0" daemon [_thread_in_native, id=1912, stack(0x000000b10fd00000,0x000000b10fe00000)]
  0x0000023daf6bbc40 JavaThread "C1 CompilerThread0" daemon [_thread_blocked, id=14488, stack(0x000000b10fe00000,0x000000b10ff00000)]
  0x0000023daf6c84e0 JavaThread "Sweeper thread" daemon [_thread_blocked, id=8188, stack(0x000000b10ff00000,0x000000b110000000)]
  0x0000023daf67f440 JavaThread "Common-Cleaner" daemon [_thread_blocked, id=15348, stack(0x000000b110000000,0x000000b110100000)]
  0x0000023daf92abc0 JavaThread "Monitor Ctrl-Break" daemon [_thread_in_native, id=13124, stack(0x000000b110100000,0x000000b110200000)]
  0x0000023daf92b0a0 JavaThread "Notification Thread" daemon [_thread_blocked, id=3980, stack(0x000000b110200000,0x000000b110300000)]
  0x0000023df51d8670 JavaThread "C2 CompilerThread1" daemon [_thread_in_native, id=15452, stack(0x000000b110400000,0x000000b110500000)]
  0x0000023df55f5800 JavaThread "C2 CompilerThread2" daemon [_thread_in_native, id=6208, stack(0x000000b110500000,0x000000b110600000)]

Other Threads:
  0x0000023daf68e190 VMThread "VM Thread" [stack: 0x000000b10f600000,0x000000b10f700000] [id=7260]
  0x0000023d91f62780 WatcherThread [stack: 0x000000b110300000,0x000000b110400000] [id=8060]
  0x0000023d91f46990 GCTaskThread "GC Thread#0" [stack: 0x000000b10f100000,0x000000b10f200000] [id=15876]
  0x0000023df56df740 GCTaskThread "GC Thread#1" [stack: 0x000000b110600000,0x000000b110700000] [id=1144]
  0x0000023d91f555a0 ConcurrentGCThread "G1 Main Marker" [stack: 0x000000b10f200000,0x000000b10f300000] [id=12008]
  0x0000023d91f56750 ConcurrentGCThread "G1 Conc#0" [stack: 0x000000b10f300000,0x000000b10f400000] [id=8040]
  0x0000023daf5460d0 ConcurrentGCThread "G1 Refine#0" [stack: 0x000000b10f400000,0x000000b10f500000] [id=2976]
  0x0000023daf546910 ConcurrentGCThread "G1 Service" [stack: 0x000000b10f500000,0x000000b10f600000] [id=16156]

Threads with active compile tasks:
C2 CompilerThread0     1471 1052   !   4       sun.nio.cs.StreamDecoder::read (196 bytes)
C2 CompilerThread1     1472 1054       4       java.io.InputStreamReader::read (11 bytes)
C2 CompilerThread2     1472 1055       4       org.codehaus.plexus.util.xml.XmlReader::read (11 bytes)

VM state: at safepoint (normal execution)

VM Mutex/Monitor currently owned by a thread:  ([mutex/lock_event])
[0x0000023d91ef0ef0] Threads_lock - owner thread: 0x0000023daf68e190
[0x0000023d91eef090] Heap_lock - owner thread: 0x0000023d91ef37e0

Heap address: 0x0000000091a00000, size: 1766 MB, Compressed Oops mode: 32-bit

CDS archive(s) mapped at: [0x0000023db0000000-0x0000023db0bd0000-0x0000023db0bd0000), size 12386304, SharedBaseAddress: 0x0000023db0000000, ArchiveRelocationMode: 1.
Compressed class space mapped at: 0x0000023db1000000-0x0000023df1000000, reserved size: 1073741824
Narrow klass base: 0x0000023db0000000, Narrow klass shift: 0, Narrow klass range: 0x100000000

GC Precious Log:
 CPUs: 8 total, 8 available
 Memory: 7058M
 Large Page Support: Disabled
 NUMA Support: Disabled
 Compressed Oops: Enabled (32-bit)
 Heap Region Size: 1M
 Heap Min Capacity: 8M
 Heap Initial Capacity: 112M
 Heap Max Capacity: 1766M
 Pre-touch: Disabled
 Parallel Workers: 8
 Concurrent Workers: 2
 Concurrent Refinement Workers: 8
 Periodic GC: Disabled

Heap:
 garbage-first heap   total 114688K, used 23552K [0x0000000091a00000, 0x0000000100000000)
  region size 1024K, 26 young (26624K), 3 survivors (3072K)
 Metaspace       used 6038K, committed 6272K, reserved 1114112K
  class space    used 703K, committed 832K, reserved 1048576K

Heap Regions: E=young(eden), S=young(survivor), O=old, HS=humongous(starts), HC=humongous(continues), CS=collection set, F=free, OA=open archive, CA=closed archive, TAMS=top-at-mark-start (previous, next)
|   0|0x0000000091a00000, 0x0000000091ab2010, 0x0000000091b00000| 72%| O|  |TAMS 0x0000000091a00000, 0x0000000091a00000| Untracked 
|   1|0x0000000091b00000, 0x0000000091b00000, 0x0000000091c00000|  0%| F|  |TAMS 0x0000000091b00000, 0x0000000091b00000| Untracked 
|   2|0x0000000091c00000, 0x0000000091c00000, 0x0000000091d00000|  0%| F|  |TAMS 0x0000000091c00000, 0x0000000091c00000| Untracked 
|   3|0x0000000091d00000, 0x0000000091d00000, 0x0000000091e00000|  0%| F|  |TAMS 0x0000000091d00000, 0x0000000091d00000| Untracked 
|   4|0x0000000091e00000, 0x0000000091e00000, 0x0000000091f00000|  0%| F|  |TAMS 0x0000000091e00000, 0x0000000091e00000| Untracked 
|   5|0x0000000091f00000, 0x0000000091f00000, 0x0000000092000000|  0%| F|  |TAMS 0x0000000091f00000, 0x0000000091f00000| Untracked 
|   6|0x0000000092000000, 0x0000000092000000, 0x0000000092100000|  0%| F|  |TAMS 0x0000000092000000, 0x0000000092000000| Untracked 
|   7|0x0000000092100000, 0x0000000092100000, 0x0000000092200000|  0%| F|  |TAMS 0x0000000092100000, 0x0000000092100000| Untracked 
|   8|0x0000000092200000, 0x0000000092200000, 0x0000000092300000|  0%| F|  |TAMS 0x0000000092200000, 0x0000000092200000| Untracked 
|   9|0x0000000092300000, 0x0000000092300000, 0x0000000092400000|  0%| F|  |TAMS 0x0000000092300000, 0x0000000092300000| Untracked 
|  10|0x0000000092400000, 0x0000000092400000, 0x0000000092500000|  0%| F|  |TAMS 0x0000000092400000, 0x0000000092400000| Untracked 
|  11|0x0000000092500000, 0x0000000092500000, 0x0000000092600000|  0%| F|  |TAMS 0x0000000092500000, 0x0000000092500000| Untracked 
|  12|0x0000000092600000, 0x0000000092600000, 0x0000000092700000|  0%| F|  |TAMS 0x0000000092600000, 0x0000000092600000| Untracked 
|  13|0x0000000092700000, 0x0000000092700000, 0x0000000092800000|  0%| F|  |TAMS 0x0000000092700000, 0x0000000092700000| Untracked 
|  14|0x0000000092800000, 0x0000000092800000, 0x0000000092900000|  0%| F|  |TAMS 0x0000000092800000, 0x0000000092800000| Untracked 
|  15|0x0000000092900000, 0x0000000092900000, 0x0000000092a00000|  0%| F|  |TAMS 0x0000000092900000, 0x0000000092900000| Untracked 
|  16|0x0000000092a00000, 0x0000000092a00000, 0x0000000092b00000|  0%| F|  |TAMS 0x0000000092a00000, 0x0000000092a00000| Untracked 
|  17|0x0000000092b00000, 0x0000000092b00000, 0x0000000092c00000|  0%| F|  |TAMS 0x0000000092b00000, 0x0000000092b00000| Untracked 
|  18|0x0000000092c00000, 0x0000000092c00000, 0x0000000092d00000|  0%| F|  |TAMS 0x0000000092c00000, 0x0000000092c00000| Untracked 
|  19|0x0000000092d00000, 0x0000000092d00000, 0x0000000092e00000|  0%| F|  |TAMS 0x0000000092d00000, 0x0000000092d00000| Untracked 
|  20|0x0000000092e00000, 0x0000000092e00000, 0x0000000092f00000|  0%| F|  |TAMS 0x0000000092e00000, 0x0000000092e00000| Untracked 
|  21|0x0000000092f00000, 0x0000000092f00000, 0x0000000093000000|  0%| F|  |TAMS 0x0000000092f00000, 0x0000000092f00000| Untracked 
|  22|0x0000000093000000, 0x0000000093000000, 0x0000000093100000|  0%| F|  |TAMS 0x0000000093000000, 0x0000000093000000| Untracked 
|  23|0x0000000093100000, 0x0000000093100000, 0x0000000093200000|  0%| F|  |TAMS 0x0000000093100000, 0x0000000093100000| Untracked 
|  24|0x0000000093200000, 0x0000000093200000, 0x0000000093300000|  0%| F|  |TAMS 0x0000000093200000, 0x0000000093200000| Untracked 
|  25|0x0000000093300000, 0x0000000093300000, 0x0000000093400000|  0%| F|  |TAMS 0x0000000093300000, 0x0000000093300000| Untracked 
|  26|0x0000000093400000, 0x0000000093400000, 0x0000000093500000|  0%| F|  |TAMS 0x0000000093400000, 0x0000000093400000| Untracked 
|  27|0x0000000093500000, 0x0000000093500000, 0x0000000093600000|  0%| F|  |TAMS 0x0000000093500000, 0x0000000093500000| Untracked 
|  28|0x0000000093600000, 0x0000000093600000, 0x0000000093700000|  0%| F|  |TAMS 0x0000000093600000, 0x0000000093600000| Untracked 
|  29|0x0000000093700000, 0x0000000093700000, 0x0000000093800000|  0%| F|  |TAMS 0x0000000093700000, 0x0000000093700000| Untracked 
|  30|0x0000000093800000, 0x0000000093800000, 0x0000000093900000|  0%| F|  |TAMS 0x0000000093800000, 0x0000000093800000| Untracked 
|  31|0x0000000093900000, 0x0000000093900000, 0x0000000093a00000|  0%| F|  |TAMS 0x0000000093900000, 0x0000000093900000| Untracked 
|  32|0x0000000093a00000, 0x0000000093a00000, 0x0000000093b00000|  0%| F|  |TAMS 0x0000000093a00000, 0x0000000093a00000| Untracked 
|  33|0x0000000093b00000, 0x0000000093b00000, 0x0000000093c00000|  0%| F|  |TAMS 0x0000000093b00000, 0x0000000093b00000| Untracked 
|  34|0x0000000093c00000, 0x0000000093c00000, 0x0000000093d00000|  0%| F|  |TAMS 0x0000000093c00000, 0x0000000093c00000| Untracked 
|  35|0x0000000093d00000, 0x0000000093d00000, 0x0000000093e00000|  0%| F|  |TAMS 0x0000000093d00000, 0x0000000093d00000| Untracked 
|  36|0x0000000093e00000, 0x0000000093e00000, 0x0000000093f00000|  0%| F|  |TAMS 0x0000000093e00000, 0x0000000093e00000| Untracked 
|  37|0x0000000093f00000, 0x0000000093f00000, 0x0000000094000000|  0%| F|  |TAMS 0x0000000093f00000, 0x0000000093f00000| Untracked 
|  38|0x0000000094000000, 0x0000000094000000, 0x0000000094100000|  0%| F|  |TAMS 0x0000000094000000, 0x0000000094000000| Untracked 
|  39|0x0000000094100000, 0x0000000094100000, 0x0000000094200000|  0%| F|  |TAMS 0x0000000094100000, 0x0000000094100000| Untracked 
|  40|0x0000000094200000, 0x0000000094200000, 0x0000000094300000|  0%| F|  |TAMS 0x0000000094200000, 0x0000000094200000| Untracked 
|  41|0x0000000094300000, 0x0000000094300000, 0x0000000094400000|  0%| F|  |TAMS 0x0000000094300000, 0x0000000094300000| Untracked 
|  42|0x0000000094400000, 0x0000000094400000, 0x0000000094500000|  0%| F|  |TAMS 0x0000000094400000, 0x0000000094400000| Untracked 
|  43|0x0000000094500000, 0x0000000094500000, 0x0000000094600000|  0%| F|  |TAMS 0x0000000094500000, 0x0000000094500000| Untracked 
|  44|0x0000000094600000, 0x0000000094600000, 0x0000000094700000|  0%| F|  |TAMS 0x0000000094600000, 0x0000000094600000| Untracked 
|  45|0x0000000094700000, 0x0000000094700000, 0x0000000094800000|  0%| F|  |TAMS 0x0000000094700000, 0x0000000094700000| Untracked 
|  46|0x0000000094800000, 0x0000000094800000, 0x0000000094900000|  0%| F|  |TAMS 0x0000000094800000, 0x0000000094800000| Untracked 
|  47|0x0000000094900000, 0x0000000094900000, 0x0000000094a00000|  0%| F|  |TAMS 0x0000000094900000, 0x0000000094900000| Untracked 
|  48|0x0000000094a00000, 0x0000000094a00000, 0x0000000094b00000|  0%| F|  |TAMS 0x0000000094a00000, 0x0000000094a00000| Untracked 
|  49|0x0000000094b00000, 0x0000000094b00000, 0x0000000094c00000|  0%| F|  |TAMS 0x0000000094b00000, 0x0000000094b00000| Untracked 
|  50|0x0000000094c00000, 0x0000000094c00000, 0x0000000094d00000|  0%| F|  |TAMS 0x0000000094c00000, 0x0000000094c00000| Untracked 
|  51|0x0000000094d00000, 0x0000000094d00000, 0x0000000094e00000|  0%| F|  |TAMS 0x0000000094d00000, 0x0000000094d00000| Untracked 
|  52|0x0000000094e00000, 0x0000000094e00000, 0x0000000094f00000|  0%| F|  |TAMS 0x0000000094e00000, 0x0000000094e00000| Untracked 
|  53|0x0000000094f00000, 0x0000000094f00000, 0x0000000095000000|  0%| F|  |TAMS 0x0000000094f00000, 0x0000000094f00000| Untracked 
|  54|0x0000000095000000, 0x0000000095000000, 0x0000000095100000|  0%| F|  |TAMS 0x0000000095000000, 0x0000000095000000| Untracked 
|  55|0x0000000095100000, 0x0000000095100000, 0x0000000095200000|  0%| F|  |TAMS 0x0000000095100000, 0x0000000095100000| Untracked 
|  56|0x0000000095200000, 0x0000000095200000, 0x0000000095300000|  0%| F|  |TAMS 0x0000000095200000, 0x0000000095200000| Untracked 
|  57|0x0000000095300000, 0x0000000095300000, 0x0000000095400000|  0%| F|  |TAMS 0x0000000095300000, 0x0000000095300000| Untracked 
|  58|0x0000000095400000, 0x0000000095400000, 0x0000000095500000|  0%| F|  |TAMS 0x0000000095400000, 0x0000000095400000| Untracked 
|  59|0x0000000095500000, 0x0000000095500000, 0x0000000095600000|  0%| F|  |TAMS 0x0000000095500000, 0x0000000095500000| Untracked 
|  60|0x0000000095600000, 0x0000000095600000, 0x0000000095700000|  0%| F|  |TAMS 0x0000000095600000, 0x0000000095600000| Untracked 
|  61|0x0000000095700000, 0x0000000095700000, 0x0000000095800000|  0%| F|  |TAMS 0x0000000095700000, 0x0000000095700000| Untracked 
|  62|0x0000000095800000, 0x0000000095800000, 0x0000000095900000|  0%| F|  |TAMS 0x0000000095800000, 0x0000000095800000| Untracked 
|  63|0x0000000095900000, 0x0000000095900000, 0x0000000095a00000|  0%| F|  |TAMS 0x0000000095900000, 0x0000000095900000| Untracked 
|  64|0x0000000095a00000, 0x0000000095a00000, 0x0000000095b00000|  0%| F|  |TAMS 0x0000000095a00000, 0x0000000095a00000| Untracked 
|  65|0x0000000095b00000, 0x0000000095b00000, 0x0000000095c00000|  0%| F|  |TAMS 0x0000000095b00000, 0x0000000095b00000| Untracked 
|  66|0x0000000095c00000, 0x0000000095c00000, 0x0000000095d00000|  0%| F|  |TAMS 0x0000000095c00000, 0x0000000095c00000| Untracked 
|  67|0x0000000095d00000, 0x0000000095d00000, 0x0000000095e00000|  0%| F|  |TAMS 0x0000000095d00000, 0x0000000095d00000| Untracked 
|  68|0x0000000095e00000, 0x0000000095e00000, 0x0000000095f00000|  0%| F|  |TAMS 0x0000000095e00000, 0x0000000095e00000| Untracked 
|  69|0x0000000095f00000, 0x0000000095f00000, 0x0000000096000000|  0%| F|  |TAMS 0x0000000095f00000, 0x0000000095f00000| Untracked 
|  70|0x0000000096000000, 0x0000000096000000, 0x0000000096100000|  0%| F|  |TAMS 0x0000000096000000, 0x0000000096000000| Untracked 
|  71|0x0000000096100000, 0x0000000096100000, 0x0000000096200000|  0%| F|  |TAMS 0x0000000096100000, 0x0000000096100000| Untracked 
|  72|0x0000000096200000, 0x0000000096200000, 0x0000000096300000|  0%| F|  |TAMS 0x0000000096200000, 0x0000000096200000| Untracked 
|  73|0x0000000096300000, 0x0000000096300000, 0x0000000096400000|  0%| F|  |TAMS 0x0000000096300000, 0x0000000096300000| Untracked 
|  74|0x0000000096400000, 0x0000000096400000, 0x0000000096500000|  0%| F|  |TAMS 0x0000000096400000, 0x0000000096400000| Untracked 
|  75|0x0000000096500000, 0x0000000096500000, 0x0000000096600000|  0%| F|  |TAMS 0x0000000096500000, 0x0000000096500000| Untracked 
|  76|0x0000000096600000, 0x0000000096600000, 0x0000000096700000|  0%| F|  |TAMS 0x0000000096600000, 0x0000000096600000| Untracked 
|  77|0x0000000096700000, 0x0000000096700000, 0x0000000096800000|  0%| F|  |TAMS 0x0000000096700000, 0x0000000096700000| Untracked 
|  78|0x0000000096800000, 0x0000000096800000, 0x0000000096900000|  0%| F|  |TAMS 0x0000000096800000, 0x0000000096800000| Untracked 
|  79|0x0000000096900000, 0x0000000096900000, 0x0000000096a00000|  0%| F|  |TAMS 0x0000000096900000, 0x0000000096900000| Untracked 
|  80|0x0000000096a00000, 0x0000000096a00000, 0x0000000096b00000|  0%| F|  |TAMS 0x0000000096a00000, 0x0000000096a00000| Untracked 
|  81|0x0000000096b00000, 0x0000000096b00000, 0x0000000096c00000|  0%| F|  |TAMS 0x0000000096b00000, 0x0000000096b00000| Untracked 
|  82|0x0000000096c00000, 0x0000000096c00000, 0x0000000096d00000|  0%| F|  |TAMS 0x0000000096c00000, 0x0000000096c00000| Untracked 
|  83|0x0000000096d00000, 0x0000000096d00000, 0x0000000096e00000|  0%| F|  |TAMS 0x0000000096d00000, 0x0000000096d00000| Untracked 
|  84|0x0000000096e00000, 0x0000000096e00000, 0x0000000096f00000|  0%| F|  |TAMS 0x0000000096e00000, 0x0000000096e00000| Untracked 
|  85|0x0000000096f00000, 0x0000000096f00000, 0x0000000097000000|  0%| F|  |TAMS 0x0000000096f00000, 0x0000000096f00000| Untracked 
|  86|0x0000000097000000, 0x0000000097100000, 0x0000000097100000|100%| S|CS|TAMS 0x0000000097000000, 0x0000000097000000| Complete 
|  87|0x0000000097100000, 0x0000000097200000, 0x0000000097200000|100%| S|CS|TAMS 0x0000000097100000, 0x0000000097100000| Complete 
|  88|0x0000000097200000, 0x0000000097300000, 0x0000000097300000|100%| S|CS|TAMS 0x0000000097200000, 0x0000000097200000| Complete 
|  89|0x0000000097300000, 0x0000000097300000, 0x0000000097400000|  0%| F|  |TAMS 0x0000000097300000, 0x0000000097300000| Untracked 
|  90|0x0000000097400000, 0x0000000097400000, 0x0000000097500000|  0%| F|  |TAMS 0x0000000097400000, 0x0000000097400000| Untracked 
|  91|0x0000000097500000, 0x0000000097500000, 0x0000000097600000|  0%| F|  |TAMS 0x0000000097500000, 0x0000000097500000| Untracked 
|  92|0x0000000097600000, 0x0000000097600000, 0x0000000097700000|  0%| F|  |TAMS 0x0000000097600000, 0x0000000097600000| Untracked 
|  93|0x0000000097700000, 0x0000000097700000, 0x0000000097800000|  0%| F|  |TAMS 0x0000000097700000, 0x0000000097700000| Untracked 
|  94|0x0000000097800000, 0x0000000097800000, 0x0000000097900000|  0%| F|  |TAMS 0x0000000097800000, 0x0000000097800000| Untracked 
|  95|0x0000000097900000, 0x0000000097900000, 0x0000000097a00000|  0%| F|  |TAMS 0x0000000097900000, 0x0000000097900000| Untracked 
|  96|0x0000000097a00000, 0x0000000097a00000, 0x0000000097b00000|  0%| F|  |TAMS 0x0000000097a00000, 0x0000000097a00000| Untracked 
|  97|0x0000000097b00000, 0x0000000097b00000, 0x0000000097c00000|  0%| F|  |TAMS 0x0000000097b00000, 0x0000000097b00000| Untracked 
|  98|0x0000000097c00000, 0x0000000097c00000, 0x0000000097d00000|  0%| F|  |TAMS 0x0000000097c00000, 0x0000000097c00000| Untracked 
|  99|0x0000000097d00000, 0x0000000097d00000, 0x0000000097e00000|  0%| F|  |TAMS 0x0000000097d00000, 0x0000000097d00000| Untracked 
| 100|0x0000000097e00000, 0x0000000097e00000, 0x0000000097f00000|  0%| F|  |TAMS 0x0000000097e00000, 0x0000000097e00000| Untracked 
| 101|0x0000000097f00000, 0x0000000097f00000, 0x0000000098000000|  0%| F|  |TAMS 0x0000000097f00000, 0x0000000097f00000| Untracked 
| 102|0x0000000098000000, 0x0000000098000000, 0x0000000098100000|  0%| F|  |TAMS 0x0000000098000000, 0x0000000098000000| Untracked 
| 103|0x0000000098100000, 0x0000000098100000, 0x0000000098200000|  0%| F|  |TAMS 0x0000000098100000, 0x0000000098100000| Untracked 
| 104|0x0000000098200000, 0x0000000098200000, 0x0000000098300000|  0%| F|  |TAMS 0x0000000098200000, 0x0000000098200000| Untracked 
| 105|0x0000000098300000, 0x0000000098300000, 0x0000000098400000|  0%| F|  |TAMS 0x0000000098300000, 0x0000000098300000| Untracked 
| 106|0x0000000098400000, 0x0000000098400000, 0x0000000098500000|  0%| F|  |TAMS 0x0000000098400000, 0x0000000098400000| Untracked 
| 107|0x0000000098500000, 0x0000000098500000, 0x0000000098600000|  0%| F|  |TAMS 0x0000000098500000, 0x0000000098500000| Untracked 
| 108|0x0000000098600000, 0x0000000098600000, 0x0000000098700000|  0%| F|  |TAMS 0x0000000098600000, 0x0000000098600000| Untracked 
| 109|0x0000000098700000, 0x0000000098700000, 0x0000000098800000|  0%| F|  |TAMS 0x0000000098700000, 0x0000000098700000| Untracked 
| 110|0x0000000098800000, 0x0000000098880800, 0x0000000098900000| 50%| E|  |TAMS 0x0000000098800000, 0x0000000098800000| Complete 
| 111|0x0000000098900000, 0x0000000098a00000, 0x0000000098a00000|100%| E|CS|TAMS 0x0000000098900000, 0x0000000098900000| Complete 

Card table byte_map: [0x0000023da8e50000,0x0000023da91d0000] _byte_map_base: 0x0000023da89c3000

Marking Bits (Prev, Next): (CMBitMap*) 0x0000023d91f46fb0, (CMBitMap*) 0x0000023d91f46ff0
 Prev Bits: [0x0000023da9550000, 0x0000023dab0e8000)
 Next Bits: [0x0000023dab0f0000, 0x0000023dacc88000)

Polling page: 0x0000023d8ff00000

Metaspace:

Usage:
  Non-class:      5.22 MB used.
      Class:    708.45 KB used.
       Both:      5.91 MB used.

Virtual space:
  Non-class space:       64.00 MB reserved,       5.31 MB (  8%) committed,  1 nodes.
      Class space:        1.00 GB reserved,     832.00 KB ( <1%) committed,  1 nodes.
             Both:        1.06 GB reserved,       6.12 MB ( <1%) committed. 

Chunk freelists:
   Non-Class:  9.20 MB
       Class:  15.03 MB
        Both:  24.23 MB

MaxMetaspaceSize: unlimited
CompressedClassSpaceSize: 1.00 GB
Initial GC threshold: 21.00 MB
Current GC threshold: 21.00 MB
CDS: on
MetaspaceReclaimPolicy: balanced
 - commit_granule_bytes: 65536.
 - commit_granule_words: 8192.
 - virtual_space_node_default_size: 8388608.
 - enlarge_chunks_in_place: 1.
 - new_chunks_are_fully_committed: 0.
 - uncommit_free_chunks: 1.
 - use_allocation_guard: 0.
 - handle_deallocations: 1.


Internal statistics:

num_allocs_failed_limit: 0.
num_arena_births: 40.
num_arena_deaths: 0.
num_vsnodes_births: 2.
num_vsnodes_deaths: 0.
num_space_committed: 98.
num_space_uncommitted: 0.
num_chunks_returned_to_freelist: 0.
num_chunks_taken_from_freelist: 208.
num_chunk_merges: 0.
num_chunk_splits: 129.
num_chunks_enlarged: 105.
num_inconsistent_stats: 0.

CodeHeap 'non-profiled nmethods': size=120000Kb used=349Kb max_used=349Kb free=119650Kb
 bounds [0x0000023da1270000, 0x0000023da14e0000, 0x0000023da87a0000]
CodeHeap 'profiled nmethods': size=120000Kb used=2143Kb max_used=2143Kb free=117857Kb
 bounds [0x0000023d997a0000, 0x0000023d99a10000, 0x0000023da0cd0000]
CodeHeap 'non-nmethods': size=5760Kb used=1162Kb max_used=1196Kb free=4597Kb
 bounds [0x0000023da0cd0000, 0x0000023da0f40000, 0x0000023da1270000]
 total_blobs=1537 nmethods=1079 adapters=371
 compilation: enabled
              stopped_count=0, restarted_count=0
 full_count=0

Compilation events (20 events):
Event: 1.416 Thread 0x0000023daf6bbc40 1058       3       org.codehaus.plexus.util.xml.pull.MXParser::more (106 bytes)
Event: 1.416 Thread 0x0000023daf6bbc40 nmethod 1058 0x0000023d99998b10 code [0x0000023d99998d60, 0x0000023d99999558]
Event: 1.416 Thread 0x0000023daf6bbc40 1041       3       java.nio.CharBuffer::<init> (24 bytes)
Event: 1.417 Thread 0x0000023daf6bbc40 nmethod 1041 0x0000023d99999890 code [0x0000023d99999a40, 0x0000023d99999be8]
Event: 1.417 Thread 0x0000023daf6bbc40 1042       3       java.nio.CharBuffer::limit (6 bytes)
Event: 1.417 Thread 0x0000023daf6bbc40 nmethod 1042 0x0000023d99999c90 code [0x0000023d99999e40, 0x0000023d99999fe8]
Event: 1.417 Thread 0x0000023daf6bbc40 1043       3       java.nio.CharBuffer::limit (8 bytes)
Event: 1.417 Thread 0x0000023daf6bbc40 nmethod 1043 0x0000023d9999a090 code [0x0000023d9999a220, 0x0000023d9999a368]
Event: 1.417 Thread 0x0000023daf6bbc40 1032       3       sun.nio.cs.UTF_8$Decoder::decodeLoop (28 bytes)
Event: 1.417 Thread 0x0000023daf6bbc40 nmethod 1032 0x0000023d9999a410 code [0x0000023d9999a5e0, 0x0000023d9999a9f8]
Event: 1.417 Thread 0x0000023daf6bbc40 1045       3       sun.nio.cs.UTF_8$Decoder::xflow (31 bytes)
Event: 1.418 Thread 0x0000023daf6bbc40 nmethod 1045 0x0000023d9999ab90 code [0x0000023d9999ad80, 0x0000023d9999b2d8]
Event: 1.418 Thread 0x0000023daf6bbc40 1046       3       sun.nio.cs.UTF_8::updatePositions (23 bytes)
Event: 1.418 Thread 0x0000023daf6bbc40 nmethod 1046 0x0000023d9999b490 code [0x0000023d9999b660, 0x0000023d9999ba98]
Event: 1.418 Thread 0x0000023daf6bbc40 1048   !   3       java.nio.CharBuffer::wrap (21 bytes)
Event: 1.419 Thread 0x0000023daf6bbc40 nmethod 1048 0x0000023d9999bc10 code [0x0000023d9999bdc0, 0x0000023d9999c058]
Event: 1.419 Thread 0x0000023daf6bbc40 1049       3       java.nio.HeapCharBuffer::<init> (23 bytes)
Event: 1.419 Thread 0x0000023daf6bbc40 nmethod 1049 0x0000023d9999c190 code [0x0000023d9999c340, 0x0000023d9999c4c8]
Event: 1.421 Thread 0x0000023daf6bbc40 1059       3       java.lang.String::substring (10 bytes)
Event: 1.421 Thread 0x0000023daf6bbc40 nmethod 1059 0x0000023d9999c590 code [0x0000023d9999c740, 0x0000023d9999c988]

GC Heap History (0 events):
No events

Deoptimization events (20 events):
Event: 1.392 Thread 0x0000023d91ef37e0 Uncommon trap: trap_request=0xffffffde fr.pc=0x0000023da12c5eac relative=0x000000000000010c
Event: 1.392 Thread 0x0000023d91ef37e0 Uncommon trap: reason=class_check action=maybe_recompile pc=0x0000023da12c5eac method=jdk.internal.misc.Unsafe.allocateUninitializedArray(Ljava/lang/Class;I)Ljava/lang/Object; @ 51 c2
Event: 1.392 Thread 0x0000023d91ef37e0 DEOPT PACKING pc=0x0000023da12c5eac sp=0x000000b10f0fd630
Event: 1.392 Thread 0x0000023d91ef37e0 DEOPT UNPACKING pc=0x0000023da0d223a3 sp=0x000000b10f0fd5b8 mode 2
Event: 1.393 Thread 0x0000023d91ef37e0 Uncommon trap: trap_request=0xffffffde fr.pc=0x0000023da12c5eac relative=0x000000000000010c
Event: 1.393 Thread 0x0000023d91ef37e0 Uncommon trap: reason=class_check action=maybe_recompile pc=0x0000023da12c5eac method=jdk.internal.misc.Unsafe.allocateUninitializedArray(Ljava/lang/Class;I)Ljava/lang/Object; @ 51 c2
Event: 1.393 Thread 0x0000023d91ef37e0 DEOPT PACKING pc=0x0000023da12c5eac sp=0x000000b10f0fdb90
Event: 1.393 Thread 0x0000023d91ef37e0 DEOPT UNPACKING pc=0x0000023da0d223a3 sp=0x000000b10f0fdb18 mode 2
Event: 1.393 Thread 0x0000023d91ef37e0 Uncommon trap: trap_request=0xffffffde fr.pc=0x0000023da12c5eac relative=0x000000000000010c
Event: 1.393 Thread 0x0000023d91ef37e0 Uncommon trap: reason=class_check action=maybe_recompile pc=0x0000023da12c5eac method=jdk.internal.misc.Unsafe.allocateUninitializedArray(Ljava/lang/Class;I)Ljava/lang/Object; @ 51 c2
Event: 1.393 Thread 0x0000023d91ef37e0 DEOPT PACKING pc=0x0000023da12c5eac sp=0x000000b10f0fdbf0
Event: 1.393 Thread 0x0000023d91ef37e0 DEOPT UNPACKING pc=0x0000023da0d223a3 sp=0x000000b10f0fdb78 mode 2
Event: 1.394 Thread 0x0000023d91ef37e0 Uncommon trap: trap_request=0xffffff45 fr.pc=0x0000023da129b6dc relative=0x00000000000012bc
Event: 1.394 Thread 0x0000023d91ef37e0 Uncommon trap: reason=unstable_if action=reinterpret pc=0x0000023da129b6dc method=java.util.HashMap.putVal(ILjava/lang/Object;Ljava/lang/Object;ZZ)Ljava/lang/Object; @ 181 c2
Event: 1.394 Thread 0x0000023d91ef37e0 DEOPT PACKING pc=0x0000023da129b6dc sp=0x000000b10f0fddb0
Event: 1.394 Thread 0x0000023d91ef37e0 DEOPT UNPACKING pc=0x0000023da0d223a3 sp=0x000000b10f0fdd60 mode 2
Event: 1.397 Thread 0x0000023d91ef37e0 Uncommon trap: trap_request=0xffffff45 fr.pc=0x0000023da12989ac relative=0x00000000000000ac
Event: 1.397 Thread 0x0000023d91ef37e0 Uncommon trap: reason=unstable_if action=reinterpret pc=0x0000023da12989ac method=org.codehaus.plexus.util.xml.pull.MXParser.more()C @ 8 c2
Event: 1.397 Thread 0x0000023d91ef37e0 DEOPT PACKING pc=0x0000023da12989ac sp=0x000000b10f0fdea0
Event: 1.397 Thread 0x0000023d91ef37e0 DEOPT UNPACKING pc=0x0000023da0d223a3 sp=0x000000b10f0fde30 mode 2

Classes unloaded (0 events):
No events

Classes redefined (0 events):
No events

Internal exceptions (18 events):
Event: 0.272 Thread 0x0000023daf92abc0 Exception <a 'java/lang/NoSuchMethodError'{0x000000009877acf0}: 'java.lang.Object java.lang.invoke.DirectMethodHandle$Holder.invokeStaticInit(java.lang.Object)'> (0x000000009877acf0) 
thrown [s\open\src\hotspot\share\interpreter\linkResolver.cpp, line 759]
Event: 0.288 Thread 0x0000023daf92abc0 Exception <a 'java/lang/NoSuchMethodError'{0x0000000098788550}: 'void java.lang.invoke.DirectMethodHandle$Holder.invokeStatic(java.lang.Object, java.lang.Object)'> (0x0000000098788550) 
thrown [s\open\src\hotspot\share\interpreter\linkResolver.cpp, line 759]
Event: 0.318 Thread 0x0000023d91ef37e0 Exception <a 'java/lang/NoSuchMethodError'{0x0000000098637aa8}: 'int java.lang.invoke.DirectMethodHandle$Holder.invokeSpecial(java.lang.Object, java.lang.Object, java.lang.Object)'> (0x0000000098637aa8) 
thrown [s\open\src\hotspot\share\interpreter\linkResolver.cpp, line 759]
Event: 0.469 Thread 0x0000023d91ef37e0 Exception <a 'java/lang/NullPointerException'{0x00000000984795b0}> (0x00000000984795b0) 
thrown [s\open\src\hotspot\share\interpreter\linkResolver.cpp, line 1350]
Event: 0.537 Thread 0x0000023d91ef37e0 Exception <a 'sun/nio/fs/WindowsException'{0x0000000098307a08}> (0x0000000098307a08) 
thrown [s\open\src\hotspot\share\prims\jni.cpp, line 516]
Event: 0.538 Thread 0x0000023d91ef37e0 Exception <a 'sun/nio/fs/WindowsException'{0x0000000098308178}> (0x0000000098308178) 
thrown [s\open\src\hotspot\share\prims\jni.cpp, line 516]
Event: 0.538 Thread 0x0000023d91ef37e0 Exception <a 'sun/nio/fs/WindowsException'{0x00000000983086f8}> (0x00000000983086f8) 
thrown [s\open\src\hotspot\share\prims\jni.cpp, line 516]
Event: 0.539 Thread 0x0000023d91ef37e0 Exception <a 'sun/nio/fs/WindowsException'{0x0000000098308bb0}> (0x0000000098308bb0) 
thrown [s\open\src\hotspot\share\prims\jni.cpp, line 516]
Event: 0.582 Thread 0x0000023d91ef37e0 Exception <a 'java/lang/NoSuchMethodError'{0x00000000983813f0}: 'void java.lang.invoke.DirectMethodHandle$Holder.invokeStatic(java.lang.Object, java.lang.Object, java.lang.Object)'> (0x00000000983813f0) 
thrown [s\open\src\hotspot\share\interpreter\linkResolver.cpp, line 759]
Event: 0.596 Thread 0x0000023d91ef37e0 Exception <a 'java/lang/NoSuchMethodError'{0x00000000983dc568}: 'int java.lang.invoke.DirectMethodHandle$Holder.invokeStatic(java.lang.Object, java.lang.Object, int)'> (0x00000000983dc568) 
thrown [s\open\src\hotspot\share\interpreter\linkResolver.cpp, line 759]
Event: 0.713 Thread 0x0000023d91ef37e0 Exception <a 'java/lang/NoSuchMethodError'{0x0000000098144d40}: 'java.lang.Object java.lang.invoke.DirectMethodHandle$Holder.invokeSpecialIFC(java.lang.Object, java.lang.Object, java.lang.Object, java.lang.Object)'> (0x0000000098144d40) 
thrown [s\open\src\hotspot\share\interpreter\linkResolver.cpp, line 759]
Event: 1.169 Thread 0x0000023d91ef37e0 Exception <a 'java/lang/NoSuchMethodError'{0x0000000097bba0f0}: 'void java.lang.invoke.DirectMethodHandle$Holder.invokeSpecial(java.lang.Object, java.lang.Object, java.lang.Object)'> (0x0000000097bba0f0) 
thrown [s\open\src\hotspot\share\interpreter\linkResolver.cpp, line 759]
Event: 1.224 Thread 0x0000023d91ef37e0 Exception <a 'java/lang/NoSuchMethodError'{0x000000009790e6b8}: 'java.lang.Object java.lang.invoke.DirectMethodHandle$Holder.invokeInterface(java.lang.Object, java.lang.Object)'> (0x000000009790e6b8) 
thrown [s\open\src\hotspot\share\interpreter\linkResolver.cpp, line 759]
Event: 1.252 Thread 0x0000023d91ef37e0 Exception <a 'java/lang/NoSuchMethodError'{0x00000000979b0580}: 'java.lang.Object java.lang.invoke.Invokers$Holder.invokeExact_MT(java.lang.Object, java.lang.Object, java.lang.Object, java.lang.Object, java.lang.Object, java.lang.Object)'> (0x00000000979b0580) 
thrown [s\open\src\hotspot\share\interpreter\linkResolver.cpp, line 759]
Event: 1.255 Thread 0x0000023d91ef37e0 Exception <a 'java/lang/NoSuchMethodError'{0x00000000979c19c0}: 'int java.lang.invoke.DirectMethodHandle$Holder.invokeSpecialIFC(java.lang.Object, java.lang.Object, java.lang.Object, java.lang.Object, java.lang.Object)'> (0x00000000979c19c0) 
thrown [s\open\src\hotspot\share\interpreter\linkResolver.cpp, line 759]
Event: 1.326 Thread 0x0000023d91ef37e0 Exception <a 'java/lang/NoSuchMethodError'{0x0000000097759d48}: 'java.lang.Object java.lang.invoke.DirectMethodHandle$Holder.newInvokeSpecial(java.lang.Object, java.lang.Object, java.lang.Object, java.lang.Object, java.lang.Object)'> (0x0000000097759d48) 
thrown [s\open\src\hotspot\share\interpreter\linkResolver.cpp, line 759]
Event: 1.375 Thread 0x0000023d91ef37e0 Exception <a 'java/lang/NoSuchMethodError'{0x00000000976571b8}: 'int java.lang.invoke.DirectMethodHandle$Holder.invokeStaticInit(java.lang.Object, java.lang.Object)'> (0x00000000976571b8) 
thrown [s\open\src\hotspot\share\interpreter\linkResolver.cpp, line 759]
Event: 1.388 Thread 0x0000023d91ef37e0 Exception <a 'java/lang/NoClassDefFoundError'{0x000000009768f190}: javax/enterprise/inject/Typed> (0x000000009768f190) 
thrown [s\open\src\hotspot\share\classfile\systemDictionary.cpp, line 245]

VM Operations (10 events):
Event: 0.162 Executing VM operation: HandshakeAllThreads
Event: 0.162 Executing VM operation: HandshakeAllThreads done
Event: 0.269 Executing VM operation: HandshakeAllThreads
Event: 0.269 Executing VM operation: HandshakeAllThreads done
Event: 0.466 Executing VM operation: HandshakeAllThreads
Event: 0.466 Executing VM operation: HandshakeAllThreads done
Event: 0.480 Executing VM operation: HandshakeAllThreads
Event: 0.480 Executing VM operation: HandshakeAllThreads done
Event: 1.412 Executing VM operation: ICBufferFull
Event: 1.412 Executing VM operation: ICBufferFull done

Events (20 events):
Event: 1.342 loading class java/util/concurrent/CancellationException
Event: 1.342 loading class java/util/concurrent/CancellationException done
Event: 1.344 loading class sun/misc/Unsafe
Event: 1.344 loading class sun/misc/Unsafe done
Event: 1.346 loading class jdk/internal/reflect/UnsafeFieldAccessorFactory
Event: 1.346 loading class jdk/internal/reflect/UnsafeFieldAccessorFactory done
Event: 1.346 loading class jdk/internal/reflect/UnsafeQualifiedStaticObjectFieldAccessorImpl
Event: 1.346 loading class jdk/internal/reflect/UnsafeQualifiedStaticFieldAccessorImpl
Event: 1.346 loading class jdk/internal/reflect/UnsafeQualifiedStaticFieldAccessorImpl done
Event: 1.346 loading class jdk/internal/reflect/UnsafeQualifiedStaticObjectFieldAccessorImpl done
Event: 1.355 loading class java/lang/reflect/ParameterizedType
Event: 1.355 loading class java/lang/reflect/ParameterizedType done
Event: 1.360 loading class java/lang/reflect/TypeVariable
Event: 1.360 loading class java/lang/reflect/TypeVariable done
Event: 1.361 loading class java/lang/reflect/WildcardType
Event: 1.361 loading class java/lang/reflect/WildcardType done
Event: 1.365 loading class sun/reflect/generics/tree/TypeVariableSignature
Event: 1.365 loading class sun/reflect/generics/tree/TypeVariableSignature done
Event: 1.387 loading class java/lang/annotation/IncompleteAnnotationException
Event: 1.388 loading class java/lang/annotation/IncompleteAnnotationException done


Dynamic libraries:
0x00007ff7052f0000 - 0x00007ff705300000 	D:\Program Files\Java\jdk-17\bin\java.exe
0x00007ffb6a0d0000 - 0x00007ffb6a2c7000 	C:\WINDOWS\SYSTEM32\ntdll.dll
0x00007ffb68590000 - 0x00007ffb6864d000 	C:\WINDOWS\System32\KERNEL32.DLL
0x00007ffb67d30000 - 0x00007ffb68026000 	C:\WINDOWS\System32\KERNELBASE.dll
0x00007ffb67ae0000 - 0x00007ffb67be0000 	C:\WINDOWS\System32\ucrtbase.dll
0x00007ffb60b40000 - 0x00007ffb60b59000 	D:\Program Files\Java\jdk-17\bin\jli.dll
0x00007ffb5f520000 - 0x00007ffb5f53b000 	D:\Program Files\Java\jdk-17\bin\VCRUNTIME140.dll
0x00007ffb69180000 - 0x00007ffb6922e000 	C:\WINDOWS\System32\ADVAPI32.dll
0x00007ffb688e0000 - 0x00007ffb6897e000 	C:\WINDOWS\System32\msvcrt.dll
0x00007ffb69bb0000 - 0x00007ffb69c4c000 	C:\WINDOWS\System32\sechost.dll
0x00007ffb68390000 - 0x00007ffb684b6000 	C:\WINDOWS\System32\RPCRT4.dll
0x00007ffb69a10000 - 0x00007ffb69bae000 	C:\WINDOWS\System32\USER32.dll
0x00007ffb574f0000 - 0x00007ffb5778a000 	C:\WINDOWS\WinSxS\amd64_microsoft.windows.common-controls_6595b64144ccf1df_6.0.19041.3570_none_60bb2a3971f3e41a\COMCTL32.dll
0x00007ffb677b0000 - 0x00007ffb677d2000 	C:\WINDOWS\System32\win32u.dll
0x00007ffb68650000 - 0x00007ffb6867c000 	C:\WINDOWS\System32\GDI32.dll
0x00007ffb67810000 - 0x00007ffb6792a000 	C:\WINDOWS\System32\gdi32full.dll
0x00007ffb67c90000 - 0x00007ffb67d2d000 	C:\WINDOWS\System32\msvcp_win.dll
0x00007ffb5e820000 - 0x00007ffb5e82a000 	C:\WINDOWS\SYSTEM32\VERSION.dll
0x00007ffb68980000 - 0x00007ffb689b0000 	C:\WINDOWS\System32\IMM32.DLL
0x00007ffb5e3c0000 - 0x00007ffb5e3cc000 	D:\Program Files\Java\jdk-17\bin\vcruntime140_1.dll
0x00007ffb433e0000 - 0x00007ffb4346e000 	D:\Program Files\Java\jdk-17\bin\msvcp140.dll
0x00007ffb311b0000 - 0x00007ffb31d91000 	D:\Program Files\Java\jdk-17\bin\server\jvm.dll
0x00007ffb69170000 - 0x00007ffb69178000 	C:\WINDOWS\System32\PSAPI.DLL
0x00007ffb5e7f0000 - 0x00007ffb5e817000 	C:\WINDOWS\SYSTEM32\WINMM.dll
0x00007ffb62ec0000 - 0x00007ffb62ec9000 	C:\WINDOWS\SYSTEM32\WSOCK32.dll
0x00007ffb68680000 - 0x00007ffb686eb000 	C:\WINDOWS\System32\WS2_32.dll
0x00007ffb65fe0000 - 0x00007ffb65ff2000 	C:\WINDOWS\SYSTEM32\kernel.appcore.dll
0x00007ffb5e3b0000 - 0x00007ffb5e3ba000 	D:\Program Files\Java\jdk-17\bin\jimage.dll
0x00007ffb65b40000 - 0x00007ffb65d24000 	C:\WINDOWS\SYSTEM32\DBGHELP.DLL
0x00007ffb58090000 - 0x00007ffb580c4000 	C:\WINDOWS\SYSTEM32\dbgcore.DLL
0x00007ffb680a0000 - 0x00007ffb68122000 	C:\WINDOWS\System32\bcryptPrimitives.dll
0x00007ffb60c20000 - 0x00007ffb60c2e000 	D:\Program Files\Java\jdk-17\bin\instrument.dll
0x00007ffb5e1e0000 - 0x00007ffb5e205000 	D:\Program Files\Java\jdk-17\bin\java.dll
0x00007ffb39640000 - 0x00007ffb39717000 	D:\Program Files\Java\jdk-17\bin\jsvml.dll
0x00007ffb692c0000 - 0x00007ffb69a04000 	C:\WINDOWS\System32\SHELL32.dll
0x00007ffb64a30000 - 0x00007ffb651cb000 	C:\WINDOWS\SYSTEM32\windows.storage.dll
0x00007ffb69d30000 - 0x00007ffb6a084000 	C:\WINDOWS\System32\combase.dll
0x00007ffb67120000 - 0x00007ffb6714d000 	C:\WINDOWS\SYSTEM32\Wldp.dll
0x00007ffb68130000 - 0x00007ffb681dd000 	C:\WINDOWS\System32\SHCORE.dll
0x00007ffb68880000 - 0x00007ffb688d5000 	C:\WINDOWS\System32\shlwapi.dll
0x00007ffb676e0000 - 0x00007ffb67705000 	C:\WINDOWS\SYSTEM32\profapi.dll
0x00007ffb5e040000 - 0x00007ffb5e058000 	D:\Program Files\Java\jdk-17\bin\zip.dll
0x00007ffb5e170000 - 0x00007ffb5e189000 	D:\Program Files\Java\jdk-17\bin\net.dll
0x00007ffb5d8d0000 - 0x00007ffb5d9da000 	C:\WINDOWS\SYSTEM32\WINHTTP.dll
0x00007ffb66e80000 - 0x00007ffb66eea000 	C:\WINDOWS\system32\mswsock.dll
0x00007ffb5e150000 - 0x00007ffb5e166000 	D:\Program Files\Java\jdk-17\bin\nio.dll
0x00007ffb5e020000 - 0x00007ffb5e03a000 	D:\Program Files\JetBrains\IntelliJ IDEA 2023.1\bin\breakgen64.dll
0x0000000069ac0000 - 0x0000000069ae4000 	C:\Users\user\AppData\Local\Temp\jansi-2.4.0-9847059f04800e90-jansi.dll
0x00007ffb5dff0000 - 0x00007ffb5e000000 	D:\Program Files\Java\jdk-17\bin\verify.dll

dbghelp: loaded successfully - version: 4.0.5 - missing functions: none
symbol engine: initialized successfully - sym options: 0x614 - pdb path: .;D:\Program Files\Java\jdk-17\bin;C:\WINDOWS\SYSTEM32;C:\WINDOWS\WinSxS\amd64_microsoft.windows.common-controls_6595b64144ccf1df_6.0.19041.3570_none_60bb2a3971f3e41a;D:\Program Files\Java\jdk-17\bin\server;D:\Program Files\JetBrains\IntelliJ IDEA 2023.1\bin;C:\Users\user\AppData\Local\Temp

VM Arguments:
jvm_args: -Dmaven.multiModuleProjectDirectory=D:\南工院课程\web应用系统开发-许\ShopOnline -Djansi.passthrough=true -Dmaven.home=D:\apache-maven-3.9.5 -Dclassworlds.conf=D:\apache-maven-3.9.5\bin\m2.conf -Dmaven.ext.class.path=D:\Program Files\JetBrains\IntelliJ IDEA 2023.1\plugins\maven\lib\maven-event-listener.jar -javaagent:D:\Program Files\JetBrains\IntelliJ IDEA 2023.1\lib\idea_rt.jar=57209:D:\Program Files\JetBrains\IntelliJ IDEA 2023.1\bin -Dfile.encoding=UTF-8 
java_command: org.codehaus.classworlds.Launcher -Didea.version=2023.1 -s D:\apache-maven-3.9.5\conf\settings.xml -Dmaven.repo.local=D:\apache-maven-repository clean
java_class_path (initial): D:\apache-maven-3.9.5\boot\plexus-classworlds-2.7.0.jar;D:\apache-maven-3.9.5\boot\plexus-classworlds.license
Launcher Type: SUN_STANDARD

[Global flags]
     intx CICompilerCount                          = 4                                         {product} {ergonomic}
     uint ConcGCThreads                            = 2                                         {product} {ergonomic}
     uint G1ConcRefinementThreads                  = 8                                         {product} {ergonomic}
   size_t G1HeapRegionSize                         = 1048576                                   {product} {ergonomic}
    uintx GCDrainStackTargetSize                   = 64                                        {product} {ergonomic}
   size_t InitialHeapSize                          = 117440512                                 {product} {ergonomic}
   size_t MarkStackSize                            = 4194304                                   {product} {ergonomic}
   size_t MaxHeapSize                              = 1851785216                                {product} {ergonomic}
   size_t MaxNewSize                               = 1110441984                                {product} {ergonomic}
   size_t MinHeapDeltaBytes                        = 1048576                                   {product} {ergonomic}
   size_t MinHeapSize                              = 8388608                                   {product} {ergonomic}
    uintx NonNMethodCodeHeapSize                   = 5839372                                {pd product} {ergonomic}
    uintx NonProfiledCodeHeapSize                  = 122909434                              {pd product} {ergonomic}
    uintx ProfiledCodeHeapSize                     = 122909434                              {pd product} {ergonomic}
    uintx ReservedCodeCacheSize                    = 251658240                              {pd product} {ergonomic}
     bool SegmentedCodeCache                       = true                                      {product} {ergonomic}
   size_t SoftMaxHeapSize                          = 1851785216                             {manageable} {ergonomic}
     bool UseCompressedClassPointers               = true                           {product lp64_product} {ergonomic}
     bool UseCompressedOops                        = true                           {product lp64_product} {ergonomic}
     bool UseG1GC                                  = true                                      {product} {ergonomic}
     bool UseLargePagesIndividualAllocation        = false                                  {pd product} {ergonomic}

Logging:
Log output configuration:
 #0: stdout all=warning uptime,level,tags
 #1: stderr all=off uptime,level,tags

Environment Variables:
JAVA_HOME=D:\Program Files\Java\jdk1.8.0_161
CLASSPATH=.
PATH=C:\Program Files\Common Files\Oracle\Java\javapath;D:\python\Scripts;D:\python;C:\ProgramData\Oracle\Java\javapath;C:\WINDOWS\system32;C:\WINDOWS;C:\WINDOWS\System32\Wbem;C:\WINDOWS\System32\WindowsPowerShell\v1.0\;C:\WINDOWS\System32\OpenSSH\;C:\Program Files\Java\jdk1.8.0_221\bin;D:\JavaScrip\Microsoft VS Code\bin;D:\Linuxtools\;C:\ProgramData\chocolatey\bin;D:\vuenode\node_global\node_modules;C:\Program Files (x86)\dotnet\;D:\微信web开发者工具\dll;D:\apache-maven-3.6.1\bin;HOME%\bin;D:\南工院课程\大数据\scala-2.11.8\bin;D:\tools\Git\cmd;D:\vuenode\;D:\vuenode\node_global;D:\Redis-x64-5.0.14.1\;%%JAVA_HOME;C:\Program Files\MySQL\MySQL Server 8.0\bin;D:\python\Scripts\;D:\python\;C:\Users\user\AppData\Local\Microsoft\WindowsApps;C:\Program Files\Bandizip\;C:\Program Files\JetBrains\WebStorm 2019.3.1\bin;;D:\Program Files\Java\jdk1.8.0_161\bin;D:\JavaScrip\Microsoft VS Code\bin;D:\python\PyCharm Community Edition 2019.1.3\bin;;D:\vuenode\node_global;C:\Users\user\AppData\Roaming\npm;D:\vuenode;;D:\Program Files\JetBrains\IntelliJ IDEA 2023.1\bin;
USERNAME=user
OS=Windows_NT
PROCESSOR_IDENTIFIER=AMD64 Family 23 Model 17 Stepping 0, AuthenticAMD



---------------  S Y S T E M  ---------------

OS:
 Windows 10 , 64 bit Build 19041 (10.0.19041.3570)
OS uptime: 0 days 2:17 hours

CPU: total 8 (initial active 8) (8 cores per cpu, 2 threads per core) family 23 model 17 stepping 0 microcode 0x0, cx8, cmov, fxsr, ht, mmx, 3dnowpref, sse, sse2, sse3, ssse3, sse4a, sse4.1, sse4.2, popcnt, lzcnt, tsc, tscinvbit, avx, avx2, aes, clmul, bmi1, bmi2, adx, sha, fma, vzeroupper, clflush, clflushopt

Memory: 4k page, system-wide physical 7058M (909M free)
TotalPageFile size 10058M (AvailPageFile size 5M)
current process WorkingSet (physical memory assigned to process): 82M, peak: 82M
current process commit charge ("private bytes"): 211M, peak: 211M

vm_info: Java HotSpot(TM) 64-Bit Server VM (17.0.9+11-LTS-201) for windows-amd64 JRE (17.0.9+11-LTS-201), built on Oct 10 2023 23:16:06 by "mach5one" with MS VC++ 17.1 (VS2022)

END.
