#
# There is insufficient memory for the Java Runtime Environment to continue.
# Native memory allocation (mmap) failed to map 117440512 bytes for G1 virtual space
# Possible reasons:
#   The system is out of physical RAM or swap space
#   The process is running with CompressedOops enabled, and the Java Heap may be blocking the growth of the native heap
# Possible solutions:
#   Reduce memory load on the system
#   Increase physical memory or swap space
#   Check if swap backing store is full
#   Decrease Java heap size (-Xmx/-Xms)
#   Decrease number of Java threads
#   Decrease Java thread stack sizes (-Xss)
#   Set larger code cache with -XX:ReservedCodeCacheSize=
#   JVM is running with Unscaled Compressed Oops mode in which the Java heap is
#     placed in the first 4GB address space. The Java Heap base address is the
#     maximum limit for the native heap growth. Please use -XX:HeapBaseMinAddress
#     to set the Java Heap base and to place the Java Heap above 4GB virtual address.
# This output file may be truncated or incomplete.
#
#  Out of Memory Error (os_windows.cpp:3769), pid=19208, tid=12036
#
# JRE version:  (17.0.6+10) (build )
# Java VM: OpenJDK 64-Bit Server VM (17.0.6+10-b829.5, mixed mode, sharing, tiered, compressed oops, compressed class ptrs, g1 gc, windows-amd64)
# No core dump will be written. Minidumps are not enabled by default on client versions of Windows
#

---------------  S U M M A R Y ------------

Command Line: git4idea.http.GitAskPassApp Username for 'https://github.com': 

Host: AMD Ryzen 5 2500U with Radeon Vega Mobile Gfx  , 8 cores, 6G,  Windows 10 , 64 bit Build 19041 (10.0.19041.3570)
Time: Tue Nov  7 15:49:01 2023  Windows 10 , 64 bit Build 19041 (10.0.19041.3570) elapsed time: 0.017113 seconds (0d 0h 0m 0s)

---------------  T H R E A D  ---------------

Current thread (0x00000192cca4cd60):  JavaThread "Unknown thread" [_thread_in_vm, id=12036, stack(0x00000081c4700000,0x00000081c4800000)]

Stack: [0x00000081c4700000,0x00000081c4800000]
Native frames: (J=compiled Java code, j=interpreted, Vv=VM code, C=native code)
V  [jvm.dll+0x683b4a]
V  [jvm.dll+0x842654]
V  [jvm.dll+0x843dfe]
V  [jvm.dll+0x844463]
V  [jvm.dll+0x249b75]
V  [jvm.dll+0x680a19]
V  [jvm.dll+0x674f0a]
V  [jvm.dll+0x309acb]
V  [jvm.dll+0x310f86]
V  [jvm.dll+0x3608ee]
V  [jvm.dll+0x360b1f]
V  [jvm.dll+0x2dfbf8]
V  [jvm.dll+0x2e0b64]
V  [jvm.dll+0x813f41]
V  [jvm.dll+0x36e6a1]
V  [jvm.dll+0x7f347c]
V  [jvm.dll+0x3f0e8f]
V  [jvm.dll+0x3f29d1]
C  [jli.dll+0x526b]
C  [ucrtbase.dll+0x21bb2]
C  [KERNEL32.DLL+0x17344]
C  [ntdll.dll+0x526b1]


---------------  P R O C E S S  ---------------

Threads class SMR info:
_java_thread_list=0x00007ffda33ec058, length=0, elements={
}

Java Threads: ( => current thread )

Other Threads:
  0x00000192ccaa10e0 GCTaskThread "GC Thread#0" [stack: 0x00000081c4800000,0x00000081c4900000] [id=8648]
  0x00000192ccaafce0 ConcurrentGCThread "G1 Main Marker" [stack: 0x00000081c4900000,0x00000081c4a00000] [id=5176]
  0x00000192ccab06f0 ConcurrentGCThread "G1 Conc#0" [stack: 0x00000081c4a00000,0x00000081c4b00000] [id=15584]

[error occurred during error reporting (printing all threads), id 0xc0000005, EXCEPTION_ACCESS_VIOLATION (0xc0000005) at pc=0x00007ffda2ba0797]

VM state: not at safepoint (not fully initialized)

VM Mutex/Monitor currently owned by a thread:  ([mutex/lock_event])
[0x00000192ca8dc8b0] Heap_lock - owner thread: 0x00000192cca4cd60

Heap address: 0x0000000091a00000, size: 1766 MB, Compressed Oops mode: 32-bit

CDS archive(s) mapped at: [0x0000000000000000-0x0000000000000000-0x0000000000000000), size 0, SharedBaseAddress: 0x0000000800000000, ArchiveRelocationMode: 0.
Narrow klass base: 0x0000000000000000, Narrow klass shift: 0, Narrow klass range: 0x0

GC Precious Log:
<Empty>

Heap:
 garbage-first heap   total 0K, used 0K [0x0000000091a00000, 0x0000000100000000)
  region size 1024K, 0 young (0K), 0 survivors (0K)

[error occurred during error reporting (printing heap information), id 0xc0000005, EXCEPTION_ACCESS_VIOLATION (0xc0000005) at pc=0x00007ffda2f8d939]

GC Heap History (0 events):
No events

Dll operation events (1 events):
Event: 0.010 Loaded shared library D:\Program Files\JetBrains\IntelliJ IDEA 2023.1\jbr\bin\java.dll

Deoptimization events (0 events):
No events

Classes unloaded (0 events):
No events

Classes redefined (0 events):
No events

Internal exceptions (0 events):
No events

VM Operations (0 events):
No events

Events (0 events):
No events


Dynamic libraries:
0x00007ff6ec550000 - 0x00007ff6ec55a000 	D:\Program Files\JetBrains\IntelliJ IDEA 2023.1\jbr\bin\java.exe
0x00007ffddb030000 - 0x00007ffddb227000 	C:\WINDOWS\SYSTEM32\ntdll.dll
0x00007ffdd9f90000 - 0x00007ffdda04d000 	C:\WINDOWS\System32\KERNEL32.DLL
0x00007ffdd8d40000 - 0x00007ffdd9036000 	C:\WINDOWS\System32\KERNELBASE.dll
0x00007ffdd8740000 - 0x00007ffdd8840000 	C:\WINDOWS\System32\ucrtbase.dll
0x00007ffdd09d0000 - 0x00007ffdd09e7000 	D:\Program Files\JetBrains\IntelliJ IDEA 2023.1\jbr\bin\jli.dll
0x00007ffdd1f20000 - 0x00007ffdd1f3b000 	D:\Program Files\JetBrains\IntelliJ IDEA 2023.1\jbr\bin\VCRUNTIME140.dll
0x00007ffdd9090000 - 0x00007ffdd922e000 	C:\WINDOWS\System32\USER32.dll
0x00007ffdd8710000 - 0x00007ffdd8732000 	C:\WINDOWS\System32\win32u.dll
0x00007ffdc5ae0000 - 0x00007ffdc5d7a000 	C:\WINDOWS\WinSxS\amd64_microsoft.windows.common-controls_6595b64144ccf1df_6.0.19041.3570_none_60bb2a3971f3e41a\COMCTL32.dll
0x00007ffdda150000 - 0x00007ffdda17c000 	C:\WINDOWS\System32\GDI32.dll
0x00007ffdd9bd0000 - 0x00007ffdd9c6e000 	C:\WINDOWS\System32\msvcrt.dll
0x00007ffdd89f0000 - 0x00007ffdd8b0a000 	C:\WINDOWS\System32\gdi32full.dll
0x00007ffdd8ca0000 - 0x00007ffdd8d3d000 	C:\WINDOWS\System32\msvcp_win.dll
0x00007ffddafc0000 - 0x00007ffddaff0000 	C:\WINDOWS\System32\IMM32.DLL
0x00007ffdd1cd0000 - 0x00007ffdd1cdc000 	D:\Program Files\JetBrains\IntelliJ IDEA 2023.1\jbr\bin\vcruntime140_1.dll
0x00007ffda85e0000 - 0x00007ffda866d000 	D:\Program Files\JetBrains\IntelliJ IDEA 2023.1\jbr\bin\msvcp140.dll
0x00007ffda28b0000 - 0x00007ffda351d000 	D:\Program Files\JetBrains\IntelliJ IDEA 2023.1\jbr\bin\server\jvm.dll
0x00007ffdd9db0000 - 0x00007ffdd9e5e000 	C:\WINDOWS\System32\ADVAPI32.dll
0x00007ffdda8d0000 - 0x00007ffdda96c000 	C:\WINDOWS\System32\sechost.dll
0x00007ffddae90000 - 0x00007ffddafb6000 	C:\WINDOWS\System32\RPCRT4.dll
0x00007ffdd1cc0000 - 0x00007ffdd1cc9000 	C:\WINDOWS\SYSTEM32\WSOCK32.dll
0x00007ffdcf5f0000 - 0x00007ffdcf617000 	C:\WINDOWS\SYSTEM32\WINMM.dll
0x00007ffdcf5e0000 - 0x00007ffdcf5ea000 	C:\WINDOWS\SYSTEM32\VERSION.dll
0x00007ffdda0e0000 - 0x00007ffdda14b000 	C:\WINDOWS\System32\WS2_32.dll
0x00007ffdd6f40000 - 0x00007ffdd6f52000 	C:\WINDOWS\SYSTEM32\kernel.appcore.dll
0x00007ffdd1b90000 - 0x00007ffdd1b9a000 	D:\Program Files\JetBrains\IntelliJ IDEA 2023.1\jbr\bin\jimage.dll
0x00007ffdd6aa0000 - 0x00007ffdd6c84000 	C:\WINDOWS\SYSTEM32\DBGHELP.DLL
0x00007ffdc6fa0000 - 0x00007ffdc6fd4000 	C:\WINDOWS\SYSTEM32\dbgcore.DLL
0x00007ffdd88f0000 - 0x00007ffdd8972000 	C:\WINDOWS\System32\bcryptPrimitives.dll
0x00007ffdd0eb0000 - 0x00007ffdd0ed5000 	D:\Program Files\JetBrains\IntelliJ IDEA 2023.1\jbr\bin\java.dll

dbghelp: loaded successfully - version: 4.0.5 - missing functions: none
symbol engine: initialized successfully - sym options: 0x614 - pdb path: .;D:\Program Files\JetBrains\IntelliJ IDEA 2023.1\jbr\bin;C:\WINDOWS\SYSTEM32;C:\WINDOWS\WinSxS\amd64_microsoft.windows.common-controls_6595b64144ccf1df_6.0.19041.3570_none_60bb2a3971f3e41a;D:\Program Files\JetBrains\IntelliJ IDEA 2023.1\jbr\bin\server

VM Arguments:
java_command: git4idea.http.GitAskPassApp Username for 'https://github.com': 
java_class_path (initial): D:/Program Files/JetBrains/IntelliJ IDEA 2023.1/plugins/vcs-git/lib/git4idea-rt.jar;D:/Program Files/JetBrains/IntelliJ IDEA 2023.1/lib/externalProcess-rt.jar
Launcher Type: SUN_STANDARD

[Global flags]
     intx CICompilerCount                          = 4                                         {product} {ergonomic}
     uint ConcGCThreads                            = 2                                         {product} {ergonomic}
     uint G1ConcRefinementThreads                  = 8                                         {product} {ergonomic}
   size_t G1HeapRegionSize                         = 1048576                                   {product} {ergonomic}
    uintx GCDrainStackTargetSize                   = 64                                        {product} {ergonomic}
   size_t InitialHeapSize                          = 117440512                                 {product} {ergonomic}
   size_t MarkStackSize                            = 4194304                                   {product} {ergonomic}
   size_t MaxHeapSize                              = 1851785216                                {product} {ergonomic}
   size_t MinHeapDeltaBytes                        = 1048576                                   {product} {ergonomic}
   size_t MinHeapSize                              = 8388608                                   {product} {ergonomic}
    uintx NonNMethodCodeHeapSize                   = 5839372                                {pd product} {ergonomic}
    uintx NonProfiledCodeHeapSize                  = 122909434                              {pd product} {ergonomic}
    uintx ProfiledCodeHeapSize                     = 122909434                              {pd product} {ergonomic}
    uintx ReservedCodeCacheSize                    = 251658240                              {pd product} {ergonomic}
     bool SegmentedCodeCache                       = true                                      {product} {ergonomic}
   size_t SoftMaxHeapSize                          = 1851785216                             {manageable} {ergonomic}
     bool UseCompressedClassPointers               = true                           {product lp64_product} {ergonomic}
     bool UseCompressedOops                        = true                           {product lp64_product} {ergonomic}
     bool UseG1GC                                  = true                                      {product} {ergonomic}
     bool UseLargePagesIndividualAllocation        = false                                  {pd product} {ergonomic}

Logging:
Log output configuration:
 #0: stdout all=warning uptime,level,tags
 #1: stderr all=off uptime,level,tags

Environment Variables:
JAVA_HOME=D:\Program Files\Java\jdk1.8.0_161
CLASSPATH=.
PATH=D:\tools\Git\mingw64\libexec\git-core;D:\tools\Git\mingw64\libexec\git-core;D:\tools\Git\mingw64\bin;D:\tools\Git\usr\bin;C:\Users\user\bin;C:\Program Files\Common Files\Oracle\Java\javapath;D:\python\Scripts;D:\python;C:\ProgramData\Oracle\Java\javapath;C:\WINDOWS\system32;C:\WINDOWS;C:\WINDOWS\System32\Wbem;C:\WINDOWS\System32\WindowsPowerShell\v1.0;C:\WINDOWS\System32\OpenSSH;C:\Program Files\Java\jdk1.8.0_221\bin;D:\JavaScrip\Microsoft VS Code\bin;D:\Linuxtools;C:\ProgramData\chocolatey\bin;D:\vuenode\node_global\node_modules;C:\Program Files (x86)\dotnet;D:\微信web开发者工具\dll;D:\apache-maven-3.6.1\bin;HOME%\bin;D:\南工院课程\大数据\scala-2.11.8\bin;D:\tools\Git\cmd;D:\vuenode;D:\vuenode\node_global;D:\Redis-x64-5.0.14.1;%%JAVA_HOME;C:\Program Files\MySQL\MySQL Server 8.0\bin;D:\南工院课程\web应用系统开发-许\微信web开发者工具\dll;C:\Users\user\.console-ninja\.bin;D:\python\Scripts;D:\python;C:\Users\user\AppData\Local\Microsoft\WindowsApps;C:\Program Files\Bandizip;C:\Program Files\JetBrains\WebStorm 2019.3.1\bin;D:\Program Files\Java\jdk1.8.0_161\bin;D:\JavaScrip\Microsoft VS Code\bin;D:\python\PyCharm Community Edition 2019.1.3\bin;D:\vuenode\node_global;C:\Users\user\AppData\Roaming\npm;D:\vuenode;D:\Program Files\JetBrains\IntelliJ IDEA 2023.1\bin
USERNAME=user
DISPLAY=:0.0
LC_ALL=en_US.UTF-8
TERM=xterm-256color
TMPDIR=C:\Users\user\AppData\Local\Temp
OS=Windows_NT
PROCESSOR_IDENTIFIER=AMD64 Family 23 Model 17 Stepping 0, AuthenticAMD
TMP=C:\Users\user\AppData\Local\Temp
TEMP=C:\Users\user\AppData\Local\Temp



---------------  S Y S T E M  ---------------

OS:
 Windows 10 , 64 bit Build 19041 (10.0.19041.3570)
OS uptime: 0 days 4:54 hours

CPU: total 8 (initial active 8) (8 cores per cpu, 2 threads per core) family 23 model 17 stepping 0 microcode 0x0, cx8, cmov, fxsr, ht, mmx, 3dnowpref, sse, sse2, sse3, ssse3, sse4a, sse4.1, sse4.2, popcnt, lzcnt, tsc, tscinvbit, avx, avx2, aes, clmul, bmi1, bmi2, adx, sha, fma, vzeroupper, clflush, clflushopt

Memory: 4k page, system-wide physical 7058M (987M free)
TotalPageFile size 10058M (AvailPageFile size 44M)
current process WorkingSet (physical memory assigned to process): 10M, peak: 10M
current process commit charge ("private bytes"): 60M, peak: 172M

vm_info: OpenJDK 64-Bit Server VM (17.0.6+10-b829.5) for windows-amd64 JRE (17.0.6+10-b829.5), built on 2023-02-24 by "builduser" with MS VC++ 16.10 / 16.11 (VS2019)

END.
